Flutter crash report.
Please report a bug at https://github.com/flutter/flutter/issues.

## command

flutter gen-l10n

## exception

ProcessException: ProcessException: `dart format` failed with exit code 65

stdout:
Formatted no files in 0.01 seconds.


stderr:
Could not format because the source could not be parsed:

line 2104, column 14 of lib/l10n/app_localizations_ar.dart: 'new' can't be used as an identifier because it's a keyword.
     ╷
2104 │   String get new => 'جديد';
     │              ^^^
     ╵
Could not format because the source could not be parsed:

line 2104, column 14 of lib/l10n/app_localizations_de.dart: 'new' can't be used as an identifier because it's a keyword.
     ╷
2104 │   String get new => 'New';
     │              ^^^
     ╵
Could not format because the source could not be parsed:

line 2104, column 14 of lib/l10n/app_localizations_en.dart: 'new' can't be used as an identifier because it's a keyword.
     ╷
2104 │   String get new => 'New';
     │              ^^^
     ╵
Could not format because the source could not be parsed:

line 2104, column 14 of lib/l10n/app_localizations_es.dart: 'new' can't be used as an identifier because it's a keyword.
     ╷
2104 │   String get new => 'New';
     │              ^^^
     ╵
Could not format because the source could not be parsed:

line 2104, column 14 of lib/l10n/app_localizations_fr.dart: 'new' can't be used as an identifier because it's a keyword.
     ╷
2104 │   String get new => 'New';
     │              ^^^
     ╵
Could not format because the source could not be parsed:

line 4284, column 14 of lib/l10n/app_localizations.dart: 'new' can't be used as an identifier because it's a keyword.
     ╷
4284 │   String get new;
     │              ^^^
     ╵

  Command: /Users/abdelrhman/development/flutter/bin/cache/dart-sdk/bin/dart /Users/abdelrhman/development/flutter/bin/cache/dart-sdk/bin/dart format /Users/abdelrhman/Desktop/Kingo_Waslah/Mobile/Sika_Customer/Sika_development_app/lib/l10n/app_localizations_ar.dart /Users/abdelrhman/Desktop/Kingo_Waslah/Mobile/Sika_Customer/Sika_development_app/lib/l10n/app_localizations_de.dart /Users/abdelrhman/Desktop/Kingo_Waslah/Mobile/Sika_Customer/Sika_development_app/lib/l10n/app_localizations_en.dart /Users/abdelrhman/Desktop/Kingo_Waslah/Mobile/Sika_Customer/Sika_development_app/lib/l10n/app_localizations_es.dart /Users/abdelrhman/Desktop/Kingo_Waslah/Mobile/Sika_Customer/Sika_development_app/lib/l10n/app_localizations_fr.dart /Users/abdelrhman/Desktop/Kingo_Waslah/Mobile/Sika_Customer/Sika_development_app/lib/l10n/app_localizations.dart

```
#0      generateLocalizations (package:flutter_tools/src/localizations/gen_l10n.dart:96:7)
<asynchronous suspension>
#1      GenerateLocalizationsCommand.runCommand (package:flutter_tools/src/commands/generate_localizations.dart:263:5)
<asynchronous suspension>
#2      FlutterCommand.run.<anonymous closure> (package:flutter_tools/src/runner/flutter_command.dart:1559:27)
<asynchronous suspension>
#3      AppContext.run.<anonymous closure> (package:flutter_tools/src/base/context.dart:154:19)
<asynchronous suspension>
#4      CommandRunner.runCommand (package:args/command_runner.dart:212:13)
<asynchronous suspension>
#5      FlutterCommandRunner.runCommand.<anonymous closure> (package:flutter_tools/src/runner/flutter_command_runner.dart:487:9)
<asynchronous suspension>
#6      AppContext.run.<anonymous closure> (package:flutter_tools/src/base/context.dart:154:19)
<asynchronous suspension>
#7      FlutterCommandRunner.runCommand (package:flutter_tools/src/runner/flutter_command_runner.dart:422:5)
<asynchronous suspension>
#8      run.<anonymous closure>.<anonymous closure> (package:flutter_tools/runner.dart:104:11)
<asynchronous suspension>
#9      AppContext.run.<anonymous closure> (package:flutter_tools/src/base/context.dart:154:19)
<asynchronous suspension>
#10     main (package:flutter_tools/executable.dart:103:3)
<asynchronous suspension>
```

## flutter doctor

```
[32m[✓][39m Flutter (Channel stable, 3.38.5, on macOS 26.2 25C56 darwin-arm64, locale en-LB)
    [1,036ms]
    [32m•[39m Flutter version 3.38.5 on channel stable at /Users/abdelrhman/development/flutter
    [32m•[39m Upstream repository https://github.com/flutter/flutter.git
    [32m•[39m Framework revision f6ff1529fd (4 weeks ago), 2025-12-11 11:50:07 -0500
    [32m•[39m Engine revision 1527ae0ec5
    [32m•[39m Dart version 3.10.4
    [32m•[39m DevTools version 2.51.1
    [32m•[39m Feature flags: enable-web, enable-linux-desktop, enable-macos-desktop,
      enable-windows-desktop, enable-android, enable-ios, cli-animations,
      enable-native-assets, omit-legacy-version-file, enable-lldb-debugging

[32m[✓][39m Android toolchain - develop for Android devices (Android SDK version 36.1.0) [3.1s]
    [32m•[39m Android SDK at /Users/abdelrhman/Library/Android/sdk
    [32m•[39m Emulator version 36.3.10.0 (build_id 14472402) (CL:N/A)
    [32m•[39m Platform android-36, build-tools 36.1.0
    [32m•[39m ANDROID_SDK_ROOT = /Users/abdelrhman/Library/Android/sdk
    [32m•[39m Java binary at: /Applications/Android
      Studio.app/Contents/jbr/Contents/Home/bin/java
      This is the JDK bundled with the latest Android Studio installation on this
      machine.
      To manually set the JDK path, use: `flutter config --jdk-dir="path/to/jdk"`.
    [32m•[39m Java version OpenJDK Runtime Environment (build 21.0.8+-14196175-b1038.72)
    [32m•[39m All Android licenses accepted.

[32m[✓][39m Xcode - develop for iOS and macOS (Xcode 26.2) [1,696ms]
    [32m•[39m Xcode at /Applications/Xcode.app/Contents/Developer
    [32m•[39m Build 17C52
    [32m•[39m CocoaPods version 1.16.2

[32m[✓][39m Chrome - develop for the web [3ms]
    [32m•[39m Chrome at /Applications/Google Chrome.app/Contents/MacOS/Google Chrome

[32m[✓][39m Connected device (3 available) [5.7s]
    [32m•[39m iPhone 17 (mobile) • 2F87E7C4-25C3-4A54-BBA2-7151FAAD393E • ios            •
      com.apple.CoreSimulator.SimRuntime.iOS-26-2 (simulator)
    [32m•[39m macOS (desktop)    • macos                                • darwin-arm64   • macOS
      26.2 25C56 darwin-arm64
    [32m•[39m Chrome (web)       • chrome                               • web-javascript •
      Google Chrome 143.0.7499.170

[32m[✓][39m Network resources [319ms]
    [32m•[39m All expected network resources are available.

[32m•[39m No issues found!
```
